<?xml version="1.0" encoding="UTF-8"?>
<!-- Generated by org.testng.reporters.JUnitXMLReporter -->
<testsuite ignored="0" hostname="PCRIZRASL1" failures="0" tests="3" name="WalletHubTest" time="12.529" errors="0" timestamp="2021-08-03T00:18:39 MYT">
  <testcase classname="com.wallethub.tests.wallethub.WalletHubTest" name="shouldHighlightReviewStarOnHover" time="9.698"/>
  <testcase classname="com.wallethub.tests.wallethub.WalletHubTest" name="shouldNavigateToInsurancePage" time="1.22"/>
  <testcase classname="com.wallethub.tests.wallethub.WalletHubTest" name="shouldSubmitReviewSuccessfully" time="1.583"/>
</testsuite> <!-- WalletHubTest -->
