<?xml version="1.0" encoding="UTF-8"?>
<testng-results ignored="0" total="3" passed="3" failed="0" skipped="0">
  <reporter-output>
  </reporter-output>
  <suite started-at="2021-08-03T00:18:40 MYT" name="WalletHubExam" finished-at="2021-08-03T00:18:40 MYT" duration-ms="0">
    <groups>
    </groups>
  </suite> <!-- WalletHubExam -->
  <suite started-at="2021-08-03T00:18:27 MYT" name="WalletHubTestSuite" finished-at="2021-08-03T00:18:39 MYT" duration-ms="12529">
    <groups>
    </groups>
    <test started-at="2021-08-03T00:18:27 MYT" name="WalletHubTest" finished-at="2021-08-03T00:18:39 MYT" duration-ms="12529">
      <class name="com.wallethub.tests.wallethub.WalletHubTest">
        <test-method is-config="true" signature="setup(java.lang.String,java.lang.String,java.lang.String)[pri:0, instance:com.wallethub.tests.wallethub.WalletHubTest@6293abcc]" started-at="2021-08-03T00:18:18 MYT" name="setup" finished-at="2021-08-03T00:18:27 MYT" duration-ms="9208" status="PASS">
          <params>
            <param index="0">
              <value>
                <![CDATA[https://wallethub.com/join/login]]>
              </value>
            </param>
            <param index="1">
              <value>
                <![CDATA[wallethub-config.properties]]>
              </value>
            </param>
            <param index="2">
              <value>
                <![CDATA[task2]]>
              </value>
            </param>
          </params>
          <reporter-output>
          </reporter-output>
        </test-method> <!-- setup -->
        <test-method is-config="true" signature="Initialize()[pri:0, instance:com.wallethub.tests.wallethub.WalletHubTest@6293abcc]" started-at="2021-08-03T00:18:27 MYT" name="Initialize" finished-at="2021-08-03T00:18:27 MYT" duration-ms="3" status="PASS">
          <reporter-output>
          </reporter-output>
        </test-method> <!-- Initialize -->
        <test-method signature="shouldHighlightReviewStarOnHover()[pri:0, instance:com.wallethub.tests.wallethub.WalletHubTest@6293abcc]" started-at="2021-08-03T00:18:27 MYT" name="shouldHighlightReviewStarOnHover" finished-at="2021-08-03T00:18:36 MYT" duration-ms="9698" status="PASS">
          <reporter-output>
          </reporter-output>
        </test-method> <!-- shouldHighlightReviewStarOnHover -->
        <test-method is-config="true" signature="Initialize()[pri:0, instance:com.wallethub.tests.wallethub.WalletHubTest@6293abcc]" started-at="2021-08-03T00:18:36 MYT" name="Initialize" finished-at="2021-08-03T00:18:36 MYT" duration-ms="1" status="PASS">
          <reporter-output>
          </reporter-output>
        </test-method> <!-- Initialize -->
        <test-method signature="shouldNavigateToInsurancePage()[pri:0, instance:com.wallethub.tests.wallethub.WalletHubTest@6293abcc]" started-at="2021-08-03T00:18:36 MYT" name="shouldNavigateToInsurancePage" finished-at="2021-08-03T00:18:38 MYT" duration-ms="1220" status="PASS">
          <reporter-output>
          </reporter-output>
        </test-method> <!-- shouldNavigateToInsurancePage -->
        <test-method is-config="true" signature="Initialize()[pri:0, instance:com.wallethub.tests.wallethub.WalletHubTest@6293abcc]" started-at="2021-08-03T00:18:38 MYT" name="Initialize" finished-at="2021-08-03T00:18:38 MYT" duration-ms="1" status="PASS">
          <reporter-output>
          </reporter-output>
        </test-method> <!-- Initialize -->
        <test-method signature="shouldSubmitReviewSuccessfully()[pri:0, instance:com.wallethub.tests.wallethub.WalletHubTest@6293abcc]" started-at="2021-08-03T00:18:38 MYT" name="shouldSubmitReviewSuccessfully" finished-at="2021-08-03T00:18:39 MYT" duration-ms="1583" status="PASS">
          <reporter-output>
          </reporter-output>
        </test-method> <!-- shouldSubmitReviewSuccessfully -->
        <test-method is-config="true" signature="tearDown()[pri:0, instance:com.wallethub.tests.wallethub.WalletHubTest@6293abcc]" started-at="2021-08-03T00:18:39 MYT" name="tearDown" finished-at="2021-08-03T00:18:40 MYT" duration-ms="202" status="PASS">
          <reporter-output>
          </reporter-output>
        </test-method> <!-- tearDown -->
      </class> <!-- com.wallethub.tests.wallethub.WalletHubTest -->
    </test> <!-- WalletHubTest -->
  </suite> <!-- WalletHubTestSuite -->
</testng-results>
