<?xml version="1.0" encoding="UTF-8"?>
<testsuite xmlns:xsi="http://www.w3.org/2001/XMLSchema-instance" xsi:noNamespaceSchemaLocation="https://maven.apache.org/surefire/maven-surefire-plugin/xsd/surefire-test-report.xsd" name="TestSuite" time="22.598" tests="3" errors="0" skipped="0" failures="0">
  <properties>
[...]
</properties>
  <testcase name="shouldHighlightReviewStarOnHover" classname="com.wallethub.tests.wallethub.WalletHubTest" time="9.699"/>
  <testcase name="shouldNavigateToInsurancePage" classname="com.wallethub.tests.wallethub.WalletHubTest" time="1.219"/>
  <testcase name="shouldSubmitReviewSuccessfully" classname="com.wallethub.tests.wallethub.WalletHubTest" time="1.583"/>
</testsuite>